#-----------------------------------------------------------
# Vivado v2024.2 (64-bit)
# SW Build 5239630 on Fri Nov 08 22:35:27 MST 2024
# IP Build 5239520 on Sun Nov 10 16:12:51 MST 2024
# SharedData Build 5239561 on Fri Nov 08 14:39:27 MST 2024
# Start of session at: Wed Mar  4 12:07:48 2026
# Process ID         : 30588
# Current directory  : C:/Users/C28Benjamin.Van_den/ECE_281/ICE 4/ece281-ice4
# Command line       : vivado.exe -gui_launcher_event rodinguilauncherevent27016 C:\Users\C28Benjamin.Van_den\ECE_281\ICE 4\ece281-ice4\stoplight.xpr
# Log file           : C:/Users/C28Benjamin.Van_den/ECE_281/ICE 4/ece281-ice4/vivado.log
# Journal file       : C:/Users/C28Benjamin.Van_den/ECE_281/ICE 4/ece281-ice4\vivado.jou
# Running On         : C28-2TK416010J
# Platform           : Windows Server 2016 or Windows 10
# Operating System   : 22631
# Processor Detail   : AMD Ryzen 7 PRO 7840U w/ Radeon 780M Graphics  
# CPU Frequency      : 3294 MHz
# CPU Physical cores : 8
# CPU Logical cores  : 16
# Host memory        : 33585 MB
# Swap memory        : 9126 MB
# Total Virtual      : 42712 MB
# Available Virtual  : 19598 MB
#-----------------------------------------------------------
INFO: [Common 17-1239] XILINX_LOCAL_USER_DATA is set to 'no'.
start_gui
open_project {C:/Users/C28Benjamin.Van_den/ECE_281/ICE 4/ece281-ice4/stoplight.xpr}
WARNING: [filemgmt 56-3] Board Part Repository Path: Could not find the directory 'C:/Users/C28Benjamin.Van_den/ECE_281/AppData/Roaming/Xilinx/Vivado/2024.2/xhub/board_store/xilinx_board_store'.
INFO: [filemgmt 56-3] Default IP Output Path : Could not find the directory 'C:/Users/C28Benjamin.Van_den/ECE_281/ICE 4/ece281-ice4/stoplight.gen/sources_1'.
WARNING: [filemgmt 56-3] IPUserFilesDir: Could not find the directory 'C:/Users/C28Benjamin.Van_den/ECE_281/ICE 4/ece281-ice4/stoplight.ip_user_files'.
Scanning sources...
Finished scanning sources
INFO: [IP_Flow 19-234] Refreshing IP repositories
INFO: [IP_Flow 19-1704] No user IP repositories specified
INFO: [IP_Flow 19-2313] Loaded Vivado IP repository 'C:/Xilinx/Vivado/2024.2/data/ip'.
open_project: Time (s): cpu = 00:00:03 ; elapsed = 00:00:08 . Memory (MB): peak = 1096.395 ; gain = 49.684
